2023-12-01 14:50:31 ERROR Shell:396 - Failed to locate the winutils binary in the hadoop binary path
java.io.IOException: Could not locate executable null\bin\winutils.exe in the Hadoop binaries.
	at org.apache.hadoop.util.Shell.getQualifiedBinPath(Shell.java:378)
	at org.apache.hadoop.util.Shell.getWinUtilsPath(Shell.java:393)
	at org.apache.hadoop.util.Shell.<clinit>(Shell.java:386)
	at org.apache.hadoop.util.StringUtils.<clinit>(StringUtils.java:79)
	at org.apache.hadoop.security.Groups.parseStaticMapping(Groups.java:116)
	at org.apache.hadoop.security.Groups.<init>(Groups.java:93)
	at org.apache.hadoop.security.Groups.<init>(Groups.java:73)
	at org.apache.hadoop.security.Groups.getUserToGroupsMappingService(Groups.java:293)
	at org.apache.hadoop.security.UserGroupInformation.initialize(UserGroupInformation.java:283)
	at org.apache.hadoop.security.UserGroupInformation.ensureInitialized(UserGroupInformation.java:260)
	at org.apache.hadoop.security.UserGroupInformation.loginUserFromSubject(UserGroupInformation.java:789)
	at org.apache.hadoop.security.UserGroupInformation.getLoginUser(UserGroupInformation.java:774)
	at org.apache.hadoop.security.UserGroupInformation.getCurrentUser(UserGroupInformation.java:647)
	at org.apache.spark.util.Utils$.$anonfun$getCurrentUserName$1(Utils.scala:2422)
	at scala.Option.getOrElse(Option.scala:189)
	at org.apache.spark.util.Utils$.getCurrentUserName(Utils.scala:2422)
	at org.apache.spark.SparkContext.<init>(SparkContext.scala:293)
	at org.apache.spark.SparkContext$.getOrCreate(SparkContext.scala:2520)
	at org.apache.spark.sql.SparkSession$Builder.$anonfun$getOrCreate$5(SparkSession.scala:935)
	at scala.Option.getOrElse(Option.scala:189)
	at org.apache.spark.sql.SparkSession$Builder.getOrCreate(SparkSession.scala:926)
	at com.simplestransformations.DatasetTransformations$.main(DatasetTransformations.scala:37)
	at com.simplestransformations.DatasetTransformations.main(DatasetTransformations.scala)
	at sun.reflect.NativeMethodAccessorImpl.invoke0(Native Method)
	at sun.reflect.NativeMethodAccessorImpl.invoke(Unknown Source)
	at sun.reflect.DelegatingMethodAccessorImpl.invoke(Unknown Source)
	at java.lang.reflect.Method.invoke(Unknown Source)
	at sbt.Run.invokeMain(Run.scala:144)
	at sbt.Run.execute$1(Run.scala:94)
	at sbt.Run.$anonfun$runWithLoader$5(Run.scala:121)
	at sbt.Run$.executeSuccess(Run.scala:187)
	at sbt.Run.runWithLoader(Run.scala:121)
	at sbt.Defaults$.$anonfun$bgRunTask$6(Defaults.scala:1988)
	at sbt.Defaults$.$anonfun$termWrapper$2(Defaults.scala:1927)
	at scala.runtime.java8.JFunction0$mcV$sp.apply(JFunction0$mcV$sp.java:23)
	at scala.util.Try$.apply(Try.scala:213)
	at sbt.internal.BackgroundThreadPool$BackgroundRunnable.run(DefaultBackgroundJobService.scala:367)
	at java.util.concurrent.ThreadPoolExecutor.runWorker(Unknown Source)
	at java.util.concurrent.ThreadPoolExecutor$Worker.run(Unknown Source)
	at java.lang.Thread.run(Unknown Source)
